# JRE version: OpenJDK Runtime Environment Temurin-21.0.8+9 (21.0.8+9) (build 21.0.8+9-LTS)
# Java VM: OpenJDK 64-Bit Server VM Temurin-21.0.8+9 (21.0.8+9-LTS, mixed mode, sharing, tiered, compressed oops, compressed class ptrs, parallel gc, windows-amd64)
GC Precious Log:
 CardTable entry size: 512
 CPUs: 12 total, 12 available
 Memory: 7532M
 Large Page Support: Disabled
 NUMA Support: Disabled
 Compressed Oops: Enabled (32-bit)
 Alignments: Space 512K, Generation 512K, Heap 2M
 Heap Min Capacity: 100M
 Heap Initial Capacity: 100M
 Heap Max Capacity: 2G
 Pre-touch: Disabled
 Parallel Workers: 10
Heap:
 PSYoungGen      total 20480K, used 1584K [0x00000000d5580000, 0x00000000d6e80000, 0x0000000100000000)
  eden space 19456K, 3% used [0x00000000d5580000,0x00000000d5638280,0x00000000d6880000)
  from space 1024K, 82% used [0x00000000d6880000,0x00000000d6954010,0x00000000d6980000)
  to   space 2560K, 0% used [0x00000000d6c00000,0x00000000d6c00000,0x00000000d6e80000)
 ParOldGen       total 68608K, used 54475K [0x0000000080000000, 0x0000000084300000, 0x00000000d5580000)
  object space 68608K, 79% used [0x0000000080000000,0x0000000083532ee0,0x0000000084300000)
 Metaspace       used 54974K, committed 56320K, reserved 1114112K
  class space    used 6424K, committed 7040K, reserved 1048576K
GC Heap History (20 events):
Event: 8.203 GC heap before
{Heap before GC invocations=25 (full 2):
 PSYoungGen      total 23040K, used 23040K [0x00000000d5580000, 0x00000000d7300000, 0x0000000100000000)
  eden space 21504K, 100% used [0x00000000d5580000,0x00000000d6a80000,0x00000000d6a80000)
  from space 1536K, 100% used [0x00000000d6e80000,0x00000000d7000000,0x00000000d7000000)
  to   space 4096K, 0% used [0x00000000d6a80000,0x00000000d6a80000,0x00000000d6e80000)
 ParOldGen       total 68608K, used 31460K [0x0000000080000000, 0x0000000084300000, 0x00000000d5580000)
  object space 68608K, 45% used [0x0000000080000000,0x0000000081eb9300,0x0000000084300000)
 Metaspace       used 42818K, committed 44032K, reserved 1114112K
  class space    used 4603K, committed 5120K, reserved 1048576K
}
Event: 8.208 GC heap after
{Heap after GC invocations=25 (full 2):
 PSYoungGen      total 24064K, used 2080K [0x00000000d5580000, 0x00000000d7080000, 0x0000000100000000)
  eden space 21504K, 0% used [0x00000000d5580000,0x00000000d5580000,0x00000000d6a80000)
  from space 2560K, 81% used [0x00000000d6a80000,0x00000000d6c88010,0x00000000d6d00000)
  to   space 3072K, 0% used [0x00000000d6d80000,0x00000000d6d80000,0x00000000d7080000)
 ParOldGen       total 68608K, used 33004K [0x0000000080000000, 0x0000000084300000, 0x00000000d5580000)
  object space 68608K, 48% used [0x0000000080000000,0x000000008203b300,0x0000000084300000)
 Metaspace       used 42818K, committed 44032K, reserved 1114112K
  class space    used 4603K, committed 5120K, reserved 1048576K
}
Event: 8.272 GC heap before
{Heap before GC invocations=26 (full 2):
 PSYoungGen      total 24064K, used 23584K [0x00000000d5580000, 0x00000000d7080000, 0x0000000100000000)
  eden space 21504K, 100% used [0x00000000d5580000,0x00000000d6a80000,0x00000000d6a80000)
  from space 2560K, 81% used [0x00000000d6a80000,0x00000000d6c88010,0x00000000d6d00000)
  to   space 3072K, 0% used [0x00000000d6d80000,0x00000000d6d80000,0x00000000d7080000)
 ParOldGen       total 68608K, used 33004K [0x0000000080000000, 0x0000000084300000, 0x00000000d5580000)
  object space 68608K, 48% used [0x0000000080000000,0x000000008203b300,0x0000000084300000)
 Metaspace       used 43146K, committed 44416K, reserved 1114112K
  class space    used 4642K, committed 5184K, reserved 1048576K
}
Event: 8.275 GC heap after
{Heap after GC invocations=26 (full 2):
 PSYoungGen      total 23552K, used 1824K [0x00000000d5580000, 0x00000000d6f80000, 0x0000000100000000)
  eden space 21504K, 0% used [0x00000000d5580000,0x00000000d5580000,0x00000000d6a80000)
  from space 2048K, 89% used [0x00000000d6d80000,0x00000000d6f48000,0x00000000d6f80000)
  to   space 2048K, 0% used [0x00000000d6b80000,0x00000000d6b80000,0x00000000d6d80000)
 ParOldGen       total 68608K, used 34900K [0x0000000080000000, 0x0000000084300000, 0x00000000d5580000)
  object space 68608K, 50% used [0x0000000080000000,0x0000000082215010,0x0000000084300000)
 Metaspace       used 43146K, committed 44416K, reserved 1114112K
  class space    used 4642K, committed 5184K, reserved 1048576K
}
Event: 8.566 GC heap before
{Heap before GC invocations=27 (full 2):
 PSYoungGen      total 23552K, used 23328K [0x00000000d5580000, 0x00000000d6f80000, 0x0000000100000000)
  eden space 21504K, 100% used [0x00000000d5580000,0x00000000d6a80000,0x00000000d6a80000)
  from space 2048K, 89% used [0x00000000d6d80000,0x00000000d6f48000,0x00000000d6f80000)
  to   space 2048K, 0% used [0x00000000d6b80000,0x00000000d6b80000,0x00000000d6d80000)
 ParOldGen       total 68608K, used 34900K [0x0000000080000000, 0x0000000084300000, 0x00000000d5580000)
  object space 68608K, 50% used [0x0000000080000000,0x0000000082215010,0x0000000084300000)
 Metaspace       used 44984K, committed 46208K, reserved 1114112K
  class space    used 4887K, committed 5376K, reserved 1048576K
}
Event: 8.569 GC heap after
{Heap after GC invocations=27 (full 2):
 PSYoungGen      total 23552K, used 1696K [0x00000000d5580000, 0x00000000d6e80000, 0x0000000100000000)
  eden space 21504K, 0% used [0x00000000d5580000,0x00000000d5580000,0x00000000d6a80000)
  from space 2048K, 82% used [0x00000000d6b80000,0x00000000d6d28000,0x00000000d6d80000)
  to   space 1024K, 0% used [0x00000000d6d80000,0x00000000d6d80000,0x00000000d6e80000)
 ParOldGen       total 68608K, used 36600K [0x0000000080000000, 0x0000000084300000, 0x00000000d5580000)
  object space 68608K, 53% used [0x0000000080000000,0x00000000823be220,0x0000000084300000)
 Metaspace       used 44984K, committed 46208K, reserved 1114112K
  class space    used 4887K, committed 5376K, reserved 1048576K
}
Event: 9.619 GC heap before
{Heap before GC invocations=28 (full 2):
 PSYoungGen      total 23552K, used 23200K [0x00000000d5580000, 0x00000000d6e80000, 0x0000000100000000)
  eden space 21504K, 100% used [0x00000000d5580000,0x00000000d6a80000,0x00000000d6a80000)
  from space 2048K, 82% used [0x00000000d6b80000,0x00000000d6d28000,0x00000000d6d80000)
  to   space 1024K, 0% used [0x00000000d6d80000,0x00000000d6d80000,0x00000000d6e80000)
 ParOldGen       total 68608K, used 36600K [0x0000000080000000, 0x0000000084300000, 0x00000000d5580000)
  object space 68608K, 53% used [0x0000000080000000,0x00000000823be220,0x0000000084300000)
 Metaspace       used 47094K, committed 48320K, reserved 1114112K
  class space    used 5131K, committed 5632K, reserved 1048576K
}
Event: 9.622 GC heap after
{Heap after GC invocations=28 (full 2):
 PSYoungGen      total 22528K, used 960K [0x00000000d5580000, 0x00000000d6e80000, 0x0000000100000000)
  eden space 21504K, 0% used [0x00000000d5580000,0x00000000d5580000,0x00000000d6a80000)
  from space 1024K, 93% used [0x00000000d6d80000,0x00000000d6e70000,0x00000000d6e80000)
  to   space 1536K, 0% used [0x00000000d6b80000,0x00000000d6b80000,0x00000000d6d00000)
 ParOldGen       total 68608K, used 38144K [0x0000000080000000, 0x0000000084300000, 0x00000000d5580000)
  object space 68608K, 55% used [0x0000000080000000,0x0000000082540220,0x0000000084300000)
 Metaspace       used 47094K, committed 48320K, reserved 1114112K
  class space    used 5131K, committed 5632K, reserved 1048576K
}
Event: 10.289 GC heap before
{Heap before GC invocations=29 (full 2):
 PSYoungGen      total 22528K, used 22464K [0x00000000d5580000, 0x00000000d6e80000, 0x0000000100000000)
  eden space 21504K, 100% used [0x00000000d5580000,0x00000000d6a80000,0x00000000d6a80000)
  from space 1024K, 93% used [0x00000000d6d80000,0x00000000d6e70000,0x00000000d6e80000)
  to   space 1536K, 0% used [0x00000000d6b80000,0x00000000d6b80000,0x00000000d6d00000)
 ParOldGen       total 68608K, used 38144K [0x0000000080000000, 0x0000000084300000, 0x00000000d5580000)
  object space 68608K, 55% used [0x0000000080000000,0x0000000082540220,0x0000000084300000)
 Metaspace       used 49579K, committed 50880K, reserved 1114112K
  class space    used 5470K, committed 6080K, reserved 1048576K
}
Event: 10.293 GC heap after
{Heap after GC invocations=29 (full 2):
 PSYoungGen      total 23040K, used 1264K [0x00000000d5580000, 0x00000000d6e00000, 0x0000000100000000)
  eden space 21504K, 0% used [0x00000000d5580000,0x00000000d5580000,0x00000000d6a80000)
  from space 1536K, 82% used [0x00000000d6b80000,0x00000000d6cbc020,0x00000000d6d00000)
  to   space 1024K, 0% used [0x00000000d6d00000,0x00000000d6d00000,0x00000000d6e00000)
 ParOldGen       total 68608K, used 38921K [0x0000000080000000, 0x0000000084300000, 0x00000000d5580000)
  object space 68608K, 56% used [0x0000000080000000,0x0000000082602648,0x0000000084300000)
 Metaspace       used 49579K, committed 50880K, reserved 1114112K
  class space    used 5470K, committed 6080K, reserved 1048576K
}
Event: 10.598 GC heap before
{Heap before GC invocations=30 (full 2):
 PSYoungGen      total 23040K, used 22768K [0x00000000d5580000, 0x00000000d6e00000, 0x0000000100000000)
  eden space 21504K, 100% used [0x00000000d5580000,0x00000000d6a80000,0x00000000d6a80000)
  from space 1536K, 82% used [0x00000000d6b80000,0x00000000d6cbc020,0x00000000d6d00000)
  to   space 1024K, 0% used [0x00000000d6d00000,0x00000000d6d00000,0x00000000d6e00000)
 ParOldGen       total 68608K, used 38921K [0x0000000080000000, 0x0000000084300000, 0x00000000d5580000)
  object space 68608K, 56% used [0x0000000080000000,0x0000000082602648,0x0000000084300000)
 Metaspace       used 50705K, committed 52032K, reserved 1114112K
  class space    used 5668K, committed 6272K, reserved 1048576K
}
Event: 10.608 GC heap after
{Heap after GC invocations=30 (full 2):
 PSYoungGen      total 22528K, used 998K [0x00000000d5580000, 0x00000000d6e00000, 0x0000000100000000)
  eden space 21504K, 0% used [0x00000000d5580000,0x00000000d5580000,0x00000000d6a80000)
  from space 1024K, 97% used [0x00000000d6d00000,0x00000000d6df9a00,0x00000000d6e00000)
  to   space 1536K, 0% used [0x00000000d6b80000,0x00000000d6b80000,0x00000000d6d00000)
 ParOldGen       total 68608K, used 47601K [0x0000000080000000, 0x0000000084300000, 0x00000000d5580000)
  object space 68608K, 69% used [0x0000000080000000,0x0000000082e7c4f0,0x0000000084300000)
 Metaspace       used 50705K, committed 52032K, reserved 1114112K
  class space    used 5668K, committed 6272K, reserved 1048576K
}
Event: 10.974 GC heap before
{Heap before GC invocations=31 (full 2):
 PSYoungGen      total 22528K, used 22502K [0x00000000d5580000, 0x00000000d6e00000, 0x0000000100000000)
  eden space 21504K, 100% used [0x00000000d5580000,0x00000000d6a80000,0x00000000d6a80000)
  from space 1024K, 97% used [0x00000000d6d00000,0x00000000d6df9a00,0x00000000d6e00000)
  to   space 1536K, 0% used [0x00000000d6b80000,0x00000000d6b80000,0x00000000d6d00000)
 ParOldGen       total 68608K, used 47601K [0x0000000080000000, 0x0000000084300000, 0x00000000d5580000)
  object space 68608K, 69% used [0x0000000080000000,0x0000000082e7c4f0,0x0000000084300000)
 Metaspace       used 52324K, committed 53568K, reserved 1114112K
  class space    used 5952K, committed 6528K, reserved 1048576K
}
Event: 10.977 GC heap after
{Heap after GC invocations=31 (full 2):
 PSYoungGen      total 23040K, used 928K [0x00000000d5580000, 0x00000000d7280000, 0x0000000100000000)
  eden space 21504K, 0% used [0x00000000d5580000,0x00000000d5580000,0x00000000d6a80000)
  from space 1536K, 60% used [0x00000000d6b80000,0x00000000d6c68000,0x00000000d6d00000)
  to   space 4096K, 0% used [0x00000000d6e80000,0x00000000d6e80000,0x00000000d7280000)
 ParOldGen       total 68608K, used 48582K [0x0000000080000000, 0x0000000084300000, 0x00000000d5580000)
  object space 68608K, 70% used [0x0000000080000000,0x0000000082f71a98,0x0000000084300000)
 Metaspace       used 52324K, committed 53568K, reserved 1114112K
  class space    used 5952K, committed 6528K, reserved 1048576K
}
Event: 11.224 GC heap before
{Heap before GC invocations=32 (full 2):
 PSYoungGen      total 23040K, used 22432K [0x00000000d5580000, 0x00000000d7280000, 0x0000000100000000)
  eden space 21504K, 100% used [0x00000000d5580000,0x00000000d6a80000,0x00000000d6a80000)
  from space 1536K, 60% used [0x00000000d6b80000,0x00000000d6c68000,0x00000000d6d00000)
  to   space 4096K, 0% used [0x00000000d6e80000,0x00000000d6e80000,0x00000000d7280000)
 ParOldGen       total 68608K, used 48582K [0x0000000080000000, 0x0000000084300000, 0x00000000d5580000)
  object space 68608K, 70% used [0x0000000080000000,0x0000000082f71a98,0x0000000084300000)
 Metaspace       used 52431K, committed 53824K, reserved 1114112K
  class space    used 5960K, committed 6592K, reserved 1048576K
}
Event: 11.226 GC heap after
{Heap after GC invocations=32 (full 2):
 PSYoungGen      total 22528K, used 704K [0x00000000d5580000, 0x00000000d6f80000, 0x0000000100000000)
  eden space 21504K, 0% used [0x00000000d5580000,0x00000000d5580000,0x00000000d6a80000)
  from space 1024K, 68% used [0x00000000d6e80000,0x00000000d6f30000,0x00000000d6f80000)
  to   space 1536K, 0% used [0x00000000d6c80000,0x00000000d6c80000,0x00000000d6e00000)
 ParOldGen       total 68608K, used 49342K [0x0000000080000000, 0x0000000084300000, 0x00000000d5580000)
  object space 68608K, 71% used [0x0000000080000000,0x000000008302faa8,0x0000000084300000)
 Metaspace       used 52431K, committed 53824K, reserved 1114112K
  class space    used 5960K, committed 6592K, reserved 1048576K
}
Event: 11.445 GC heap before
{Heap before GC invocations=33 (full 2):
 PSYoungGen      total 22528K, used 22208K [0x00000000d5580000, 0x00000000d6f80000, 0x0000000100000000)
  eden space 21504K, 100% used [0x00000000d5580000,0x00000000d6a80000,0x00000000d6a80000)
  from space 1024K, 68% used [0x00000000d6e80000,0x00000000d6f30000,0x00000000d6f80000)
  to   space 1536K, 0% used [0x00000000d6c80000,0x00000000d6c80000,0x00000000d6e00000)
 ParOldGen       total 68608K, used 49342K [0x0000000080000000, 0x0000000084300000, 0x00000000d5580000)
  object space 68608K, 71% used [0x0000000080000000,0x000000008302faa8,0x0000000084300000)
 Metaspace       used 52432K, committed 53824K, reserved 1114112K
  class space    used 5960K, committed 6592K, reserved 1048576K
}
Event: 11.446 GC heap after
{Heap after GC invocations=33 (full 2):
 PSYoungGen      total 23040K, used 704K [0x00000000d5580000, 0x00000000d6f00000, 0x0000000100000000)
  eden space 21504K, 0% used [0x00000000d5580000,0x00000000d5580000,0x00000000d6a80000)
  from space 1536K, 45% used [0x00000000d6c80000,0x00000000d6d30000,0x00000000d6e00000)
  to   space 1024K, 0% used [0x00000000d6e00000,0x00000000d6e00000,0x00000000d6f00000)
 ParOldGen       total 68608K, used 49863K [0x0000000080000000, 0x0000000084300000, 0x00000000d5580000)
  object space 68608K, 72% used [0x0000000080000000,0x00000000830b1e48,0x0000000084300000)
 Metaspace       used 52432K, committed 53824K, reserved 1114112K
  class space    used 5960K, committed 6592K, reserved 1048576K
}
Event: 11.666 GC heap before
{Heap before GC invocations=34 (full 2):
 PSYoungGen      total 23040K, used 22208K [0x00000000d5580000, 0x00000000d6f00000, 0x0000000100000000)
  eden space 21504K, 100% used [0x00000000d5580000,0x00000000d6a80000,0x00000000d6a80000)
  from space 1536K, 45% used [0x00000000d6c80000,0x00000000d6d30000,0x00000000d6e00000)
  to   space 1024K, 0% used [0x00000000d6e00000,0x00000000d6e00000,0x00000000d6f00000)
 ParOldGen       total 68608K, used 49863K [0x0000000080000000, 0x0000000084300000, 0x00000000d5580000)
  object space 68608K, 72% used [0x0000000080000000,0x00000000830b1e48,0x0000000084300000)
 Metaspace       used 52891K, committed 54208K, reserved 1114112K
  class space    used 6055K, committed 6656K, reserved 1048576K
}
Event: 11.670 GC heap after
{Heap after GC invocations=34 (full 2):
 PSYoungGen      total 20480K, used 1014K [0x00000000d5580000, 0x00000000d7580000, 0x0000000100000000)
  eden space 19456K, 0% used [0x00000000d5580000,0x00000000d5580000,0x00000000d6880000)
  from space 1024K, 99% used [0x00000000d6e00000,0x00000000d6efdb70,0x00000000d6f00000)
  to   space 5632K, 0% used [0x00000000d6880000,0x00000000d6880000,0x00000000d6e00000)
 ParOldGen       total 68608K, used 53470K [0x0000000080000000, 0x0000000084300000, 0x00000000d5580000)
  object space 68608K, 77% used [0x0000000080000000,0x0000000083437ac8,0x0000000084300000)
 Metaspace       used 52891K, committed 54208K, reserved 1114112K
  class space    used 6055K, committed 6656K, reserved 1048576K
}

