# JRE version: OpenJDK Runtime Environment Temurin-21.0.8+9 (21.0.8+9) (build 21.0.8+9-LTS)
# Java VM: OpenJDK 64-Bit Server VM Temurin-21.0.8+9 (21.0.8+9-LTS, mixed mode, sharing, tiered, compressed oops, compressed class ptrs, parallel gc, windows-amd64)
GC Precious Log:
 CardTable entry size: 512
 CPUs: 12 total, 12 available
 Memory: 7532M
 Large Page Support: Disabled
 NUMA Support: Disabled
 Compressed Oops: Enabled (32-bit)
 Alignments: Space 512K, Generation 512K, Heap 2M
 Heap Min Capacity: 100M
 Heap Initial Capacity: 100M
 Heap Max Capacity: 2G
 Pre-touch: Disabled
 Parallel Workers: 10
Heap:
 PSYoungGen      total 14336K, used 11555K [0x00000000d5580000, 0x00000000d6600000, 0x0000000100000000)
  eden space 12800K, 81% used [0x00000000d5580000,0x00000000d5fa28a8,0x00000000d6200000)
  from space 1536K, 76% used [0x00000000d6200000,0x00000000d6326490,0x00000000d6380000)
  to   space 2048K, 0% used [0x00000000d6400000,0x00000000d6400000,0x00000000d6600000)
 ParOldGen       total 68608K, used 55764K [0x0000000080000000, 0x0000000084300000, 0x00000000d5580000)
  object space 68608K, 81% used [0x0000000080000000,0x0000000083675238,0x0000000084300000)
 Metaspace       used 62959K, committed 64320K, reserved 1114112K
  class space    used 7368K, committed 8000K, reserved 1048576K
GC Heap History (20 events):
Event: 30.742 GC heap before
{Heap before GC invocations=37 (full 3):
 PSYoungGen      total 15872K, used 14336K [0x00000000d5580000, 0x00000000d6700000, 0x0000000100000000)
  eden space 14336K, 100% used [0x00000000d5580000,0x00000000d6380000,0x00000000d6380000)
  from space 1536K, 0% used [0x00000000d6480000,0x00000000d6480000,0x00000000d6600000)
  to   space 1024K, 0% used [0x00000000d6600000,0x00000000d6600000,0x00000000d6700000)
 ParOldGen       total 68608K, used 45086K [0x0000000080000000, 0x0000000084300000, 0x00000000d5580000)
  object space 68608K, 65% used [0x0000000080000000,0x0000000082c07840,0x0000000084300000)
 Metaspace       used 59180K, committed 60544K, reserved 1114112K
  class space    used 6997K, committed 7616K, reserved 1048576K
}
Event: 30.745 GC heap after
{Heap after GC invocations=37 (full 3):
 PSYoungGen      total 15360K, used 1024K [0x00000000d5580000, 0x00000000d6700000, 0x0000000100000000)
  eden space 14336K, 0% used [0x00000000d5580000,0x00000000d5580000,0x00000000d6380000)
  from space 1024K, 100% used [0x00000000d6600000,0x00000000d6700000,0x00000000d6700000)
  to   space 1536K, 0% used [0x00000000d6400000,0x00000000d6400000,0x00000000d6580000)
 ParOldGen       total 68608K, used 45358K [0x0000000080000000, 0x0000000084300000, 0x00000000d5580000)
  object space 68608K, 66% used [0x0000000080000000,0x0000000082c4b860,0x0000000084300000)
 Metaspace       used 59180K, committed 60544K, reserved 1114112K
  class space    used 6997K, committed 7616K, reserved 1048576K
}
Event: 30.799 GC heap before
{Heap before GC invocations=38 (full 3):
 PSYoungGen      total 15360K, used 15360K [0x00000000d5580000, 0x00000000d6700000, 0x0000000100000000)
  eden space 14336K, 100% used [0x00000000d5580000,0x00000000d6380000,0x00000000d6380000)
  from space 1024K, 100% used [0x00000000d6600000,0x00000000d6700000,0x00000000d6700000)
  to   space 1536K, 0% used [0x00000000d6400000,0x00000000d6400000,0x00000000d6580000)
 ParOldGen       total 68608K, used 45358K [0x0000000080000000, 0x0000000084300000, 0x00000000d5580000)
  object space 68608K, 66% used [0x0000000080000000,0x0000000082c4b860,0x0000000084300000)
 Metaspace       used 59196K, committed 60544K, reserved 1114112K
  class space    used 6999K, committed 7616K, reserved 1048576K
}
Event: 30.801 GC heap after
{Heap after GC invocations=38 (full 3):
 PSYoungGen      total 15872K, used 1408K [0x00000000d5580000, 0x00000000d6680000, 0x0000000100000000)
  eden space 14336K, 0% used [0x00000000d5580000,0x00000000d5580000,0x00000000d6380000)
  from space 1536K, 91% used [0x00000000d6400000,0x00000000d6560000,0x00000000d6580000)
  to   space 1024K, 0% used [0x00000000d6580000,0x00000000d6580000,0x00000000d6680000)
 ParOldGen       total 68608K, used 46346K [0x0000000080000000, 0x0000000084300000, 0x00000000d5580000)
  object space 68608K, 67% used [0x0000000080000000,0x0000000082d429c8,0x0000000084300000)
 Metaspace       used 59196K, committed 60544K, reserved 1114112K
  class space    used 6999K, committed 7616K, reserved 1048576K
}
Event: 30.902 GC heap before
{Heap before GC invocations=39 (full 3):
 PSYoungGen      total 15872K, used 15744K [0x00000000d5580000, 0x00000000d6680000, 0x0000000100000000)
  eden space 14336K, 100% used [0x00000000d5580000,0x00000000d6380000,0x00000000d6380000)
  from space 1536K, 91% used [0x00000000d6400000,0x00000000d6560000,0x00000000d6580000)
  to   space 1024K, 0% used [0x00000000d6580000,0x00000000d6580000,0x00000000d6680000)
 ParOldGen       total 68608K, used 46346K [0x0000000080000000, 0x0000000084300000, 0x00000000d5580000)
  object space 68608K, 67% used [0x0000000080000000,0x0000000082d429c8,0x0000000084300000)
 Metaspace       used 59534K, committed 60928K, reserved 1114112K
  class space    used 7028K, committed 7680K, reserved 1048576K
}
Event: 30.906 GC heap after
{Heap after GC invocations=39 (full 3):
 PSYoungGen      total 14336K, used 1024K [0x00000000d5580000, 0x00000000d6980000, 0x0000000100000000)
  eden space 13312K, 0% used [0x00000000d5580000,0x00000000d5580000,0x00000000d6280000)
  from space 1024K, 100% used [0x00000000d6580000,0x00000000d6680000,0x00000000d6680000)
  to   space 3072K, 0% used [0x00000000d6280000,0x00000000d6280000,0x00000000d6580000)
 ParOldGen       total 68608K, used 47938K [0x0000000080000000, 0x0000000084300000, 0x00000000d5580000)
  object space 68608K, 69% used [0x0000000080000000,0x0000000082ed09c8,0x0000000084300000)
 Metaspace       used 59534K, committed 60928K, reserved 1114112K
  class space    used 7028K, committed 7680K, reserved 1048576K
}
Event: 30.966 GC heap before
{Heap before GC invocations=40 (full 3):
 PSYoungGen      total 14336K, used 14336K [0x00000000d5580000, 0x00000000d6980000, 0x0000000100000000)
  eden space 13312K, 100% used [0x00000000d5580000,0x00000000d6280000,0x00000000d6280000)
  from space 1024K, 100% used [0x00000000d6580000,0x00000000d6680000,0x00000000d6680000)
  to   space 3072K, 0% used [0x00000000d6280000,0x00000000d6280000,0x00000000d6580000)
 ParOldGen       total 68608K, used 47938K [0x0000000080000000, 0x0000000084300000, 0x00000000d5580000)
  object space 68608K, 69% used [0x0000000080000000,0x0000000082ed09c8,0x0000000084300000)
 Metaspace       used 59695K, committed 61120K, reserved 1114112K
  class space    used 7047K, committed 7680K, reserved 1048576K
}
Event: 30.969 GC heap after
{Heap after GC invocations=40 (full 3):
 PSYoungGen      total 15872K, used 2447K [0x00000000d5580000, 0x00000000d6780000, 0x0000000100000000)
  eden space 13312K, 0% used [0x00000000d5580000,0x00000000d5580000,0x00000000d6280000)
  from space 2560K, 95% used [0x00000000d6280000,0x00000000d64e3dc0,0x00000000d6500000)
  to   space 2560K, 0% used [0x00000000d6500000,0x00000000d6500000,0x00000000d6780000)
 ParOldGen       total 68608K, used 48968K [0x0000000080000000, 0x0000000084300000, 0x00000000d5580000)
  object space 68608K, 71% used [0x0000000080000000,0x0000000082fd2378,0x0000000084300000)
 Metaspace       used 59695K, committed 61120K, reserved 1114112K
  class space    used 7047K, committed 7680K, reserved 1048576K
}
Event: 31.029 GC heap before
{Heap before GC invocations=41 (full 3):
 PSYoungGen      total 15872K, used 15759K [0x00000000d5580000, 0x00000000d6780000, 0x0000000100000000)
  eden space 13312K, 100% used [0x00000000d5580000,0x00000000d6280000,0x00000000d6280000)
  from space 2560K, 95% used [0x00000000d6280000,0x00000000d64e3dc0,0x00000000d6500000)
  to   space 2560K, 0% used [0x00000000d6500000,0x00000000d6500000,0x00000000d6780000)
 ParOldGen       total 68608K, used 48968K [0x0000000080000000, 0x0000000084300000, 0x00000000d5580000)
  object space 68608K, 71% used [0x0000000080000000,0x0000000082fd2378,0x0000000084300000)
 Metaspace       used 59742K, committed 61120K, reserved 1114112K
  class space    used 7050K, committed 7680K, reserved 1048576K
}
Event: 31.034 GC heap after
{Heap after GC invocations=41 (full 3):
 PSYoungGen      total 14848K, used 1056K [0x00000000d5580000, 0x00000000d6680000, 0x0000000100000000)
  eden space 13312K, 0% used [0x00000000d5580000,0x00000000d5580000,0x00000000d6280000)
  from space 1536K, 68% used [0x00000000d6500000,0x00000000d6608000,0x00000000d6680000)
  to   space 2048K, 0% used [0x00000000d6280000,0x00000000d6280000,0x00000000d6480000)
 ParOldGen       total 68608K, used 50182K [0x0000000080000000, 0x0000000084300000, 0x00000000d5580000)
  object space 68608K, 73% used [0x0000000080000000,0x00000000831019f0,0x0000000084300000)
 Metaspace       used 59742K, committed 61120K, reserved 1114112K
  class space    used 7050K, committed 7680K, reserved 1048576K
}
Event: 31.247 GC heap before
{Heap before GC invocations=42 (full 3):
 PSYoungGen      total 14848K, used 14368K [0x00000000d5580000, 0x00000000d6680000, 0x0000000100000000)
  eden space 13312K, 100% used [0x00000000d5580000,0x00000000d6280000,0x00000000d6280000)
  from space 1536K, 68% used [0x00000000d6500000,0x00000000d6608000,0x00000000d6680000)
  to   space 2048K, 0% used [0x00000000d6280000,0x00000000d6280000,0x00000000d6480000)
 ParOldGen       total 68608K, used 50182K [0x0000000080000000, 0x0000000084300000, 0x00000000d5580000)
  object space 68608K, 73% used [0x0000000080000000,0x00000000831019f0,0x0000000084300000)
 Metaspace       used 60172K, committed 61504K, reserved 1114112K
  class space    used 7112K, committed 7680K, reserved 1048576K
}
Event: 31.252 GC heap after
{Heap after GC invocations=42 (full 3):
 PSYoungGen      total 15360K, used 1456K [0x00000000d5580000, 0x00000000d6680000, 0x0000000100000000)
  eden space 13312K, 0% used [0x00000000d5580000,0x00000000d5580000,0x00000000d6280000)
  from space 2048K, 71% used [0x00000000d6280000,0x00000000d63ec020,0x00000000d6480000)
  to   space 2048K, 0% used [0x00000000d6480000,0x00000000d6480000,0x00000000d6680000)
 ParOldGen       total 68608K, used 51086K [0x0000000080000000, 0x0000000084300000, 0x00000000d5580000)
  object space 68608K, 74% used [0x0000000080000000,0x00000000831e39f0,0x0000000084300000)
 Metaspace       used 60172K, committed 61504K, reserved 1114112K
  class space    used 7112K, committed 7680K, reserved 1048576K
}
Event: 31.316 GC heap before
{Heap before GC invocations=43 (full 3):
 PSYoungGen      total 15360K, used 14768K [0x00000000d5580000, 0x00000000d6680000, 0x0000000100000000)
  eden space 13312K, 100% used [0x00000000d5580000,0x00000000d6280000,0x00000000d6280000)
  from space 2048K, 71% used [0x00000000d6280000,0x00000000d63ec020,0x00000000d6480000)
  to   space 2048K, 0% used [0x00000000d6480000,0x00000000d6480000,0x00000000d6680000)
 ParOldGen       total 68608K, used 51086K [0x0000000080000000, 0x0000000084300000, 0x00000000d5580000)
  object space 68608K, 74% used [0x0000000080000000,0x00000000831e39f0,0x0000000084300000)
 Metaspace       used 60259K, committed 61632K, reserved 1114112K
  class space    used 7121K, committed 7744K, reserved 1048576K
}
Event: 31.320 GC heap after
{Heap after GC invocations=43 (full 3):
 PSYoungGen      total 14848K, used 1216K [0x00000000d5580000, 0x00000000d6600000, 0x0000000100000000)
  eden space 13312K, 0% used [0x00000000d5580000,0x00000000d5580000,0x00000000d6280000)
  from space 1536K, 79% used [0x00000000d6480000,0x00000000d65b0000,0x00000000d6600000)
  to   space 1536K, 0% used [0x00000000d6300000,0x00000000d6300000,0x00000000d6480000)
 ParOldGen       total 68608K, used 52420K [0x0000000080000000, 0x0000000084300000, 0x00000000d5580000)
  object space 68608K, 76% used [0x0000000080000000,0x0000000083331200,0x0000000084300000)
 Metaspace       used 60259K, committed 61632K, reserved 1114112K
  class space    used 7121K, committed 7744K, reserved 1048576K
}
Event: 31.420 GC heap before
{Heap before GC invocations=44 (full 3):
 PSYoungGen      total 14848K, used 14528K [0x00000000d5580000, 0x00000000d6600000, 0x0000000100000000)
  eden space 13312K, 100% used [0x00000000d5580000,0x00000000d6280000,0x00000000d6280000)
  from space 1536K, 79% used [0x00000000d6480000,0x00000000d65b0000,0x00000000d6600000)
  to   space 1536K, 0% used [0x00000000d6300000,0x00000000d6300000,0x00000000d6480000)
 ParOldGen       total 68608K, used 52420K [0x0000000080000000, 0x0000000084300000, 0x00000000d5580000)
  object space 68608K, 76% used [0x0000000080000000,0x0000000083331200,0x0000000084300000)
 Metaspace       used 60271K, committed 61632K, reserved 1114112K
  class space    used 7121K, committed 7744K, reserved 1048576K
}
Event: 31.425 GC heap after
{Heap after GC invocations=44 (full 3):
 PSYoungGen      total 14848K, used 1368K [0x00000000d5580000, 0x00000000d6580000, 0x0000000100000000)
  eden space 13312K, 0% used [0x00000000d5580000,0x00000000d5580000,0x00000000d6280000)
  from space 1536K, 89% used [0x00000000d6300000,0x00000000d6456200,0x00000000d6480000)
  to   space 1024K, 0% used [0x00000000d6480000,0x00000000d6480000,0x00000000d6580000)
 ParOldGen       total 68608K, used 53488K [0x0000000080000000, 0x0000000084300000, 0x00000000d5580000)
  object space 68608K, 77% used [0x0000000080000000,0x000000008343c210,0x0000000084300000)
 Metaspace       used 60271K, committed 61632K, reserved 1114112K
  class space    used 7121K, committed 7744K, reserved 1048576K
}
Event: 31.652 GC heap before
{Heap before GC invocations=45 (full 3):
 PSYoungGen      total 14848K, used 14680K [0x00000000d5580000, 0x00000000d6580000, 0x0000000100000000)
  eden space 13312K, 100% used [0x00000000d5580000,0x00000000d6280000,0x00000000d6280000)
  from space 1536K, 89% used [0x00000000d6300000,0x00000000d6456200,0x00000000d6480000)
  to   space 1024K, 0% used [0x00000000d6480000,0x00000000d6480000,0x00000000d6580000)
 ParOldGen       total 68608K, used 53488K [0x0000000080000000, 0x0000000084300000, 0x00000000d5580000)
  object space 68608K, 77% used [0x0000000080000000,0x000000008343c210,0x0000000084300000)
 Metaspace       used 60759K, committed 62144K, reserved 1114112K
  class space    used 7164K, committed 7808K, reserved 1048576K
}
Event: 31.656 GC heap after
{Heap after GC invocations=45 (full 3):
 PSYoungGen      total 13824K, used 1008K [0x00000000d5580000, 0x00000000d6780000, 0x0000000100000000)
  eden space 12800K, 0% used [0x00000000d5580000,0x00000000d5580000,0x00000000d6200000)
  from space 1024K, 98% used [0x00000000d6480000,0x00000000d657c050,0x00000000d6580000)
  to   space 2560K, 0% used [0x00000000d6200000,0x00000000d6200000,0x00000000d6480000)
 ParOldGen       total 68608K, used 54817K [0x0000000080000000, 0x0000000084300000, 0x00000000d5580000)
  object space 68608K, 79% used [0x0000000080000000,0x0000000083588420,0x0000000084300000)
 Metaspace       used 60759K, committed 62144K, reserved 1114112K
  class space    used 7164K, committed 7808K, reserved 1048576K
}
Event: 161.774 GC heap before
{Heap before GC invocations=46 (full 3):
 PSYoungGen      total 13824K, used 13808K [0x00000000d5580000, 0x00000000d6780000, 0x0000000100000000)
  eden space 12800K, 99% used [0x00000000d5580000,0x00000000d61fffe0,0x00000000d6200000)
  from space 1024K, 98% used [0x00000000d6480000,0x00000000d657c050,0x00000000d6580000)
  to   space 2560K, 0% used [0x00000000d6200000,0x00000000d6200000,0x00000000d6480000)
 ParOldGen       total 68608K, used 54817K [0x0000000080000000, 0x0000000084300000, 0x00000000d5580000)
  object space 68608K, 79% used [0x0000000080000000,0x0000000083588420,0x0000000084300000)
 Metaspace       used 62231K, committed 63616K, reserved 1114112K
  class space    used 7323K, committed 7936K, reserved 1048576K
}
Event: 161.807 GC heap after
{Heap after GC invocations=46 (full 3):
 PSYoungGen      total 14336K, used 1177K [0x00000000d5580000, 0x00000000d6600000, 0x0000000100000000)
  eden space 12800K, 0% used [0x00000000d5580000,0x00000000d5580000,0x00000000d6200000)
  from space 1536K, 76% used [0x00000000d6200000,0x00000000d6326490,0x00000000d6380000)
  to   space 2048K, 0% used [0x00000000d6400000,0x00000000d6400000,0x00000000d6600000)
 ParOldGen       total 68608K, used 55764K [0x0000000080000000, 0x0000000084300000, 0x00000000d5580000)
  object space 68608K, 81% used [0x0000000080000000,0x0000000083675238,0x0000000084300000)
 Metaspace       used 62231K, committed 63616K, reserved 1114112K
  class space    used 7323K, committed 7936K, reserved 1048576K
}

